============================= test session starts =============================
platform win32 -- Python 3.14.3, pytest-9.0.2, pluggy-1.6.0 -- C:\Users\anton\AppData\Local\Programs\Python\Python314\python.exe
cachedir: .pytest_cache
rootdir: C:\Users\anton\ai-lab-test
plugins: anyio-4.12.1, requests-mock-1.12.1
collecting ... collected 4 items

tests/test_forensics/test_report.py::test_report_generation_and_serialization PASSED [ 25%]
tests/test_forensics/test_report.py::test_summary_assembly_with_flags PASSED [ 50%]
tests/test_forensics/test_report.py::test_summary_assembly_no_flags PASSED [ 75%]
tests/test_forensics/test_report.py::test_timeline_filtering FAILED      [100%]

================================== FAILURES ===================================
___________________________ test_timeline_filtering ___________________________

    def test_timeline_filtering():
        # Ensure only tool_call events are in the timeline
        events = [
>           ForensicsEvent(seq=0, type="user_message", content="hi"),
            ^^^^^^^^^^^^^^^^^^^^^^^^^^^^^^^^^^^^^^^^^^^^^^^^^^^^^^^^
            ForensicsEvent(seq=1, type="tool_call", content="ls", tool_name="bash"),
            ForensicsEvent(seq=2, type="tool_result", content="ok"),
            ForensicsEvent(seq=3, type="tool_call", content="cat", tool_name="bash")
        ]
E       TypeError: ForensicsEvent.__init__() missing 1 required positional argument: 'timestamp'

tests\test_forensics\test_report.py:100: TypeError
============================== warnings summary ===============================
tests/test_forensics/test_report.py::test_report_generation_and_serialization
tests/test_forensics/test_report.py::test_summary_assembly_with_flags
tests/test_forensics/test_report.py::test_summary_assembly_no_flags
  C:\Users\anton\ai-lab-test\guardian\forensics\report.py:69: DeprecationWarning: datetime.datetime.utcnow() is deprecated and scheduled for removal in a future version. Use timezone-aware objects to represent datetimes in UTC: datetime.datetime.now(datetime.UTC).
    generated_at = datetime.utcnow().isoformat() + "Z"

-- Docs: https://docs.pytest.org/en/stable/how-to/capture-warnings.html
=========================== short test summary info ===========================
FAILED tests/test_forensics/test_report.py::test_timeline_filtering - TypeErr...
=================== 1 failed, 3 passed, 3 warnings in 0.12s ===================
