============================= test session starts =============================
platform win32 -- Python 3.14.3, pytest-9.0.2, pluggy-1.6.0 -- C:\Users\anton\AppData\Local\Programs\Python\Python314\python.exe
cachedir: .pytest_cache
rootdir: C:\Users\anton\ai-lab-test
plugins: anyio-4.12.1, requests-mock-1.12.1
collecting ... collected 5 items

tests/test_forensics/test_analyzer.py::test_escalation_logic PASSED      [ 20%]
tests/test_forensics/test_analyzer.py::test_intent_drift_triggered PASSED [ 40%]
tests/test_forensics/test_analyzer.py::test_injection_triggered PASSED   [ 60%]
tests/test_forensics/test_analyzer.py::test_llm_failure_handling PASSED  [ 80%]
tests/test_forensics/test_analyzer.py::test_anomaly_score_calculation FAILED [100%]

================================== FAILURES ===================================
_______________________ test_anomaly_score_calculation ________________________

    def test_anomaly_score_calculation():
        # Mocking analyze_escalation, analyze_intent_drift, analyze_injection_signals
        # to test the score aggregation logic
        with patch("guardian.forensics.analyzer.analyze_escalation") as m1, \
             patch("guardian.forensics.analyzer.analyze_intent_drift") as m2, \
             patch("guardian.forensics.analyzer.analyze_injection_signals") as m3:
    
             m1.return_value = AnalysisFlag(True, "high", "esc")    # +40
             m2.return_value = AnalysisFlag(True, "medium", "drift") # +20
             m3.return_value = AnalysisFlag(False, "none", "")      # +0
    
             session = create_mock_session([1])
             report = analyze_session(session)
>            assert report.anomaly_score == 60
E            AssertionError: assert 65 == 60
E             +  where 65 = BehaviorReport(session_id='test_id', anomaly_score=65, escalation=AnalysisFlag(triggered=True, confidence='high', reason='esc'), intent_drift=AnalysisFlag(triggered=True, confidence='medium', reason='drift'), injection_signals=AnalysisFlag(triggered=False, confidence='none', reason=''), summary='Session shows anomalies: risk escalation, intent drift. Total anomaly score is 65.').anomaly_score

tests\test_forensics\test_analyzer.py:126: AssertionError
=========================== short test summary info ===========================
FAILED tests/test_forensics/test_analyzer.py::test_anomaly_score_calculation
======================== 1 failed, 4 passed in 12.90s =========================
